Starting AssetCooker...
Argument '--shaders' has been deprecated and is no longer used.
XLP cook starting...
C:\Users\abedu\OneDrive\Documentos\Firaxis ModBuddy\Civilization VI\TFG_CIV_GWG\MC_MasterTemplate\XLPs\OlmecAtlas.xlp
Opened output file: C:\Users\abedu\OneDrive\Documentos\My Games\Sid Meier's Civilization VI\Mods\TFG_CIV_GWG\Platforms\MacOS\BLPs/UI/Icons.blp    For XLP: 'C:\Users\abedu\OneDrive\Documentos\Firaxis ModBuddy\Civilization VI\TFG_CIV_GWG\MC_MasterTemplate\XLPs\OlmecAtlas.xlp'
Could not load digest key: ''.  Using mod key to sign BLP.
Starting 'UI/Icons'
Loading error asset: (UIErrorTexture)
Replacing asset: (LEADER_GWG_CHIFFRE_NEUTRAL) in entry (LEADER_GWG_CHIFFRE_NEUTRAL) with error asset
Replacing asset: (LEADER_GWG_CHIFFRE_BACKGROUND) in entry (LEADER_GWG_CHIFFRE_BACKGROUND) with error asset
The following 2 entities had errors:
Textures: 2
    LEADER_GWG_CHIFFRE_NEUTRAL
    LEADER_GWG_CHIFFRE_BACKGROUND

****** Log from Texture: 'LEADER_GWG_CHIFFRE_NEUTRAL' (ERRORS!!) ********
--------------
I/O error reading XML: C:\Users\abedu\OneDrive\Documentos\Firaxis ModBuddy\Civilization VI\TFG_CIV_GWG\MC_MasterTemplate/Textures/LEADER_GWG_CHIFFRE_NEUTRAL.tex

****** Log from Texture: 'LEADER_GWG_CHIFFRE_BACKGROUND' (ERRORS!!) ********
--------------
I/O error reading XML: C:\Users\abedu\OneDrive\Documentos\Firaxis ModBuddy\Civilization VI\TFG_CIV_GWG\MC_MasterTemplate/Textures/LEADER_GWG_CHIFFRE_BACKGROUND.tex
Load finished for: 'UI/Icons' in 0.034 seconds
Cook finished for: 'UI/Icons' in 0.275 seconds
Disk write finished for: 'UI/Icons' in 0.093 seconds
Cleanup finished for: 'UI/Icons' in 0.005 seconds
XLP cook completed with success.
Cook completed in 0.420 seconds